<?xml version="1.0" encoding="UTF-8"?>
<testsuite name="com.diary.d4jh.web.LoginControllerTest" tests="1" skipped="0" failures="0" errors="0" timestamp="2021-03-11T01:38:01" hostname="DESKTOP-6TM3BF7" time="0.744">
  <properties/>
  <testcase name="loginpage_loading" classname="com.diary.d4jh.web.LoginControllerTest" time="0.744"/>
  <system-out><![CDATA[10:37:55.788 [Test worker] DEBUG org.springframework.test.context.junit4.SpringJUnit4ClassRunner - SpringJUnit4ClassRunner constructor called with [class com.diary.d4jh.web.LoginControllerTest]
10:37:55.803 [Test worker] DEBUG org.springframework.test.context.BootstrapUtils - Instantiating CacheAwareContextLoaderDelegate from class [org.springframework.test.context.cache.DefaultCacheAwareContextLoaderDelegate]
10:37:55.827 [Test worker] DEBUG org.springframework.test.context.BootstrapUtils - Instantiating BootstrapContext using constructor [public org.springframework.test.context.support.DefaultBootstrapContext(java.lang.Class,org.springframework.test.context.CacheAwareContextLoaderDelegate)]
10:37:55.877 [Test worker] DEBUG org.springframework.test.context.BootstrapUtils - Instantiating TestContextBootstrapper for test class [com.diary.d4jh.web.LoginControllerTest] from class [org.springframework.boot.test.context.SpringBootTestContextBootstrapper]
10:37:55.914 [Test worker] INFO org.springframework.boot.test.context.SpringBootTestContextBootstrapper - Neither @ContextConfiguration nor @ContextHierarchy found for test class [com.diary.d4jh.web.LoginControllerTest], using SpringBootContextLoader
10:37:55.918 [Test worker] DEBUG org.springframework.test.context.support.AbstractContextLoader - Did not detect default resource location for test class [com.diary.d4jh.web.LoginControllerTest]: class path resource [com/diary/d4jh/web/LoginControllerTest-context.xml] does not exist
10:37:55.918 [Test worker] DEBUG org.springframework.test.context.support.AbstractContextLoader - Did not detect default resource location for test class [com.diary.d4jh.web.LoginControllerTest]: class path resource [com/diary/d4jh/web/LoginControllerTestContext.groovy] does not exist
10:37:55.919 [Test worker] INFO org.springframework.test.context.support.AbstractContextLoader - Could not detect default resource locations for test class [com.diary.d4jh.web.LoginControllerTest]: no resource found for suffixes {-context.xml, Context.groovy}.
10:37:55.920 [Test worker] INFO org.springframework.test.context.support.AnnotationConfigContextLoaderUtils - Could not detect default configuration classes for test class [com.diary.d4jh.web.LoginControllerTest]: LoginControllerTest does not declare any static, non-private, non-final, nested classes annotated with @Configuration.
10:37:55.995 [Test worker] DEBUG org.springframework.test.context.support.ActiveProfilesUtils - Could not find an 'annotation declaring class' for annotation type [org.springframework.test.context.ActiveProfiles] and class [com.diary.d4jh.web.LoginControllerTest]
10:37:56.153 [Test worker] DEBUG org.springframework.context.annotation.ClassPathScanningCandidateComponentProvider - Identified candidate component class: file [C:\workspaces\IdeaProjects\diary-app\build\classes\java\main\com\diary\d4jh\Application.class]
10:37:56.157 [Test worker] INFO org.springframework.boot.test.context.SpringBootTestContextBootstrapper - Found @SpringBootConfiguration com.diary.d4jh.Application for test class com.diary.d4jh.web.LoginControllerTest
10:37:56.286 [Test worker] DEBUG org.springframework.boot.test.context.SpringBootTestContextBootstrapper - @TestExecutionListeners is not present for class [com.diary.d4jh.web.LoginControllerTest]: using defaults.
10:37:56.287 [Test worker] INFO org.springframework.boot.test.context.SpringBootTestContextBootstrapper - Loaded default TestExecutionListener class names from location [META-INF/spring.factories]: [org.springframework.boot.test.autoconfigure.restdocs.RestDocsTestExecutionListener, org.springframework.boot.test.autoconfigure.web.client.MockRestServiceServerResetTestExecutionListener, org.springframework.boot.test.autoconfigure.web.servlet.MockMvcPrintOnlyOnFailureTestExecutionListener, org.springframework.boot.test.autoconfigure.web.servlet.WebDriverTestExecutionListener, org.springframework.boot.test.mock.mockito.MockitoTestExecutionListener, org.springframework.boot.test.mock.mockito.ResetMocksTestExecutionListener, org.springframework.test.context.web.ServletTestExecutionListener, org.springframework.test.context.support.DirtiesContextBeforeModesTestExecutionListener, org.springframework.test.context.support.DependencyInjectionTestExecutionListener, org.springframework.test.context.support.DirtiesContextTestExecutionListener, org.springframework.test.context.transaction.TransactionalTestExecutionListener, org.springframework.test.context.jdbc.SqlScriptsTestExecutionListener]
10:37:56.304 [Test worker] DEBUG org.springframework.boot.test.context.SpringBootTestContextBootstrapper - Skipping candidate TestExecutionListener [org.springframework.test.context.transaction.TransactionalTestExecutionListener] due to a missing dependency. Specify custom listener classes or make the default listener classes and their required dependencies available. Offending class: [org/springframework/transaction/interceptor/TransactionAttributeSource]
10:37:56.306 [Test worker] DEBUG org.springframework.boot.test.context.SpringBootTestContextBootstrapper - Skipping candidate TestExecutionListener [org.springframework.test.context.jdbc.SqlScriptsTestExecutionListener] due to a missing dependency. Specify custom listener classes or make the default listener classes and their required dependencies available. Offending class: [org/springframework/transaction/interceptor/TransactionAttribute]
10:37:56.306 [Test worker] INFO org.springframework.boot.test.context.SpringBootTestContextBootstrapper - Using TestExecutionListeners: [org.springframework.test.context.web.ServletTestExecutionListener@1a93356f, org.springframework.test.context.support.DirtiesContextBeforeModesTestExecutionListener@283d8b54, org.springframework.boot.test.mock.mockito.MockitoTestExecutionListener@51e61010, org.springframework.boot.test.autoconfigure.SpringBootDependencyInjectionTestExecutionListener@5f00c139, org.springframework.test.context.support.DirtiesContextTestExecutionListener@5c3bbffb, org.springframework.boot.test.autoconfigure.restdocs.RestDocsTestExecutionListener@1898f803, org.springframework.boot.test.autoconfigure.web.client.MockRestServiceServerResetTestExecutionListener@799f1d90, org.springframework.boot.test.autoconfigure.web.servlet.MockMvcPrintOnlyOnFailureTestExecutionListener@20cf0293, org.springframework.boot.test.autoconfigure.web.servlet.WebDriverTestExecutionListener@218ab516, org.springframework.boot.test.mock.mockito.ResetMocksTestExecutionListener@7e8d09c4]
10:37:56.311 [Test worker] DEBUG org.springframework.test.annotation.ProfileValueUtils - Retrieved @ProfileValueSourceConfiguration [null] for test class [com.diary.d4jh.web.LoginControllerTest]
10:37:56.311 [Test worker] DEBUG org.springframework.test.annotation.ProfileValueUtils - Retrieved ProfileValueSource type [class org.springframework.test.annotation.SystemProfileValueSource] for class [com.diary.d4jh.web.LoginControllerTest]
10:37:56.315 [Test worker] DEBUG org.springframework.test.annotation.ProfileValueUtils - Retrieved @ProfileValueSourceConfiguration [null] for test class [com.diary.d4jh.web.LoginControllerTest]
10:37:56.315 [Test worker] DEBUG org.springframework.test.annotation.ProfileValueUtils - Retrieved ProfileValueSource type [class org.springframework.test.annotation.SystemProfileValueSource] for class [com.diary.d4jh.web.LoginControllerTest]
10:37:56.316 [Test worker] DEBUG org.springframework.test.annotation.ProfileValueUtils - Retrieved @ProfileValueSourceConfiguration [null] for test class [com.diary.d4jh.web.LoginControllerTest]
10:37:56.317 [Test worker] DEBUG org.springframework.test.annotation.ProfileValueUtils - Retrieved ProfileValueSource type [class org.springframework.test.annotation.SystemProfileValueSource] for class [com.diary.d4jh.web.LoginControllerTest]
10:37:56.322 [Test worker] DEBUG org.springframework.test.context.support.AbstractDirtiesContextTestExecutionListener - Before test class: context [DefaultTestContext@2e245f21 testClass = LoginControllerTest, testInstance = [null], testMethod = [null], testException = [null], mergedContextConfiguration = [WebMergedContextConfiguration@198702ef testClass = LoginControllerTest, locations = '{}', classes = '{class com.diary.d4jh.Application}', contextInitializerClasses = '[]', activeProfiles = '{}', propertySourceLocations = '{}', propertySourceProperties = '{org.springframework.boot.test.context.SpringBootTestContextBootstrapper=true, server.port=0}', contextCustomizers = set[org.springframework.boot.test.autoconfigure.properties.PropertyMappingContextCustomizer@0, org.springframework.boot.test.autoconfigure.web.servlet.WebDriverContextCustomizerFactory$Customizer@127dc7a9, org.springframework.boot.test.context.filter.ExcludeFilterContextCustomizer@67b3f07b, org.springframework.boot.test.json.DuplicateJsonObjectContextCustomizerFactory$DuplicateJsonObjectContextCustomizer@7891ae49, org.springframework.boot.test.mock.mockito.MockitoContextCustomizer@0, org.springframework.boot.test.web.client.TestRestTemplateContextCustomizer@361244f4], resourceBasePath = 'src/main/webapp', contextLoader = 'org.springframework.boot.test.context.SpringBootContextLoader', parent = [null]], attributes = map['org.springframework.test.context.web.ServletTestExecutionListener.activateListener' -> false]], class annotated with @DirtiesContext [false] with mode [null].
10:37:56.323 [Test worker] DEBUG org.springframework.test.annotation.ProfileValueUtils - Retrieved @ProfileValueSourceConfiguration [null] for test class [com.diary.d4jh.web.LoginControllerTest]
10:37:56.323 [Test worker] DEBUG org.springframework.test.annotation.ProfileValueUtils - Retrieved ProfileValueSource type [class org.springframework.test.annotation.SystemProfileValueSource] for class [com.diary.d4jh.web.LoginControllerTest]
10:37:56.330 [Test worker] DEBUG org.springframework.test.context.support.DependencyInjectionTestExecutionListener - Performing dependency injection for test context [[DefaultTestContext@2e245f21 testClass = LoginControllerTest, testInstance = com.diary.d4jh.web.LoginControllerTest@12fa9898, testMethod = [null], testException = [null], mergedContextConfiguration = [WebMergedContextConfiguration@198702ef testClass = LoginControllerTest, locations = '{}', classes = '{class com.diary.d4jh.Application}', contextInitializerClasses = '[]', activeProfiles = '{}', propertySourceLocations = '{}', propertySourceProperties = '{org.springframework.boot.test.context.SpringBootTestContextBootstrapper=true, server.port=0}', contextCustomizers = set[org.springframework.boot.test.autoconfigure.properties.PropertyMappingContextCustomizer@0, org.springframework.boot.test.autoconfigure.web.servlet.WebDriverContextCustomizerFactory$Customizer@127dc7a9, org.springframework.boot.test.context.filter.ExcludeFilterContextCustomizer@67b3f07b, org.springframework.boot.test.json.DuplicateJsonObjectContextCustomizerFactory$DuplicateJsonObjectContextCustomizer@7891ae49, org.springframework.boot.test.mock.mockito.MockitoContextCustomizer@0, org.springframework.boot.test.web.client.TestRestTemplateContextCustomizer@361244f4], resourceBasePath = 'src/main/webapp', contextLoader = 'org.springframework.boot.test.context.SpringBootContextLoader', parent = [null]], attributes = map['org.springframework.test.context.web.ServletTestExecutionListener.activateListener' -> false]]].
10:37:56.370 [Test worker] DEBUG org.springframework.test.context.support.TestPropertySourceUtils - Adding inlined properties to environment: {spring.jmx.enabled=false, org.springframework.boot.test.context.SpringBootTestContextBootstrapper=true, server.port=0}

  .   ____          _            __ _ _
 /\\ / ___'_ __ _ _(_)_ __  __ _ \ \ \ \
( ( )\___ | '_ | '_| | '_ \/ _` | \ \ \ \
 \\/  ___)| |_)| | | | | || (_| |  ) ) ) )
  '  |____| .__|_| |_|_| |_\__, | / / / /
 =========|_|==============|___/=/_/_/_/
 :: Spring Boot ::        (v2.1.7.RELEASE)

2021-03-11 10:37:56.830  INFO 17904 --- [    Test worker] com.diary.d4jh.web.LoginControllerTest   : Starting LoginControllerTest on DESKTOP-6TM3BF7 with PID 17904 (started by 이진희 in C:\workspaces\IdeaProjects\diary-app)
2021-03-11 10:37:56.832  INFO 17904 --- [    Test worker] com.diary.d4jh.web.LoginControllerTest   : No active profile set, falling back to default profiles: default
2021-03-11 10:37:59.584  INFO 17904 --- [    Test worker] o.s.b.w.embedded.tomcat.TomcatWebServer  : Tomcat initialized with port(s): 0 (http)
2021-03-11 10:37:59.621  INFO 17904 --- [    Test worker] o.apache.catalina.core.StandardService   : Starting service [Tomcat]
2021-03-11 10:37:59.622  INFO 17904 --- [    Test worker] org.apache.catalina.core.StandardEngine  : Starting Servlet engine: [Apache Tomcat/9.0.22]
2021-03-11 10:37:59.809  INFO 17904 --- [    Test worker] o.a.c.c.C.[Tomcat].[localhost].[/]       : Initializing Spring embedded WebApplicationContext
2021-03-11 10:37:59.809  INFO 17904 --- [    Test worker] o.s.web.context.ContextLoader            : Root WebApplicationContext: initialization completed in 2934 ms
2021-03-11 10:38:00.746  INFO 17904 --- [    Test worker] pertySourcedRequestMappingHandlerMapping : Mapped URL path [/v2/api-docs] onto method [public org.springframework.http.ResponseEntity<springfox.documentation.spring.web.json.Json> springfox.documentation.swagger2.web.Swagger2Controller.getDocumentation(java.lang.String,javax.servlet.http.HttpServletRequest)]
2021-03-11 10:38:01.131  INFO 17904 --- [    Test worker] o.s.s.concurrent.ThreadPoolTaskExecutor  : Initializing ExecutorService 'applicationTaskExecutor'
2021-03-11 10:38:01.244  INFO 17904 --- [    Test worker] o.s.b.a.w.s.WelcomePageHandlerMapping    : Adding welcome page: class path resource [static/index.html]
2021-03-11 10:38:01.629  INFO 17904 --- [    Test worker] d.s.w.p.DocumentationPluginsBootstrapper : Context refreshed
2021-03-11 10:38:01.686  INFO 17904 --- [    Test worker] d.s.w.p.DocumentationPluginsBootstrapper : Found 1 custom documentation plugin(s)
2021-03-11 10:38:01.735  INFO 17904 --- [    Test worker] s.d.s.w.s.ApiListingReferenceScanner     : Scanning for api listing references
2021-03-11 10:38:01.962  INFO 17904 --- [    Test worker] o.s.b.w.embedded.tomcat.TomcatWebServer  : Tomcat started on port(s): 59339 (http) with context path ''
2021-03-11 10:38:01.968  INFO 17904 --- [    Test worker] com.diary.d4jh.web.LoginControllerTest   : Started LoginControllerTest in 5.595 seconds (JVM running for 8.187)
2021-03-11 10:38:02.447  INFO 17904 --- [o-auto-1-exec-1] o.a.c.c.C.[Tomcat].[localhost].[/]       : Initializing Spring DispatcherServlet 'dispatcherServlet'
2021-03-11 10:38:02.447  INFO 17904 --- [o-auto-1-exec-1] o.s.web.servlet.DispatcherServlet        : Initializing Servlet 'dispatcherServlet'
2021-03-11 10:38:02.488  INFO 17904 --- [o-auto-1-exec-1] o.s.web.servlet.DispatcherServlet        : Completed initialization in 41 ms
]]></system-out>
  <system-err><![CDATA[]]></system-err>
</testsuite>
